2015/07/27 22:51:06 [error] [exception.CException] exception 'CException' with message 'Propiedad "Reportepedidosxpdvdetalle"."NumeroDeRegistro" no se encuentra definida.' in C:\xampp\htdocs\yii\framework\base\CComponent.php:131
Stack trace:
#0 C:\xampp\htdocs\yii\framework\db\ar\CActiveRecord.php(144): CComponent->__get('NumeroDeRegistr...')
#1 C:\xampp\htdocs\Siicop\protected\modules\programacionflotas\models\ReportePedidosxPdvDetalle.php(133): CActiveRecord->__get('NumeroDeRegistr...')
#2 C:\xampp\htdocs\Siicop\protected\modules\programacionflotas\views\ReportePedidosxPdvDetalle\admin.php(53): Reportepedidosxpdvdetalle->search()
#3 C:\xampp\htdocs\yii\framework\web\CBaseController.php(127): require('C:\\xampp\\htdocs...')
#4 C:\xampp\htdocs\yii\framework\web\CBaseController.php(96): CBaseController->renderInternal('C:\\xampp\\htdocs...', Array, true)
#5 C:\xampp\htdocs\yii\framework\web\CController.php(870): CBaseController->renderFile('C:\\xampp\\htdocs...', Array, true)
#6 C:\xampp\htdocs\yii\framework\web\CController.php(783): CController->renderPartial('admin', Array, true)
#7 C:\xampp\htdocs\Siicop\protected\modules\programacionflotas\controllers\ReportePedidosxPdvDetalleController.php(235): CController->render('admin', Array)
#8 [internal function]: ReportepedidosxpdvdetalleController->actionAdmin('15')
#9 C:\xampp\htdocs\yii\framework\web\actions\CAction.php(107): ReflectionMethod->invokeArgs(Object(ReportepedidosxpdvdetalleController), Array)
#10 C:\xampp\htdocs\yii\framework\web\actions\CInlineAction.php(48): CAction->runWithParamsInternal(Object(ReportepedidosxpdvdetalleController), Object(ReflectionMethod), Array)
#11 C:\xampp\htdocs\yii\framework\web\CController.php(309): CInlineAction->runWithParams(Array)
#12 C:\xampp\htdocs\yii\framework\web\filters\CFilterChain.php(134): CController->runAction(Object(CInlineAction))
#13 C:\xampp\htdocs\yii\framework\web\filters\CFilter.php(41): CFilterChain->run()
#14 C:\xampp\htdocs\yii\framework\web\CController.php(1146): CFilter->filter(Object(CFilterChain))
#15 C:\xampp\htdocs\yii\framework\web\filters\CInlineFilter.php(59): CController->filterAccessControl(Object(CFilterChain))
#16 C:\xampp\htdocs\yii\framework\web\filters\CFilterChain.php(131): CInlineFilter->filter(Object(CFilterChain))
#17 C:\xampp\htdocs\yii\framework\web\CController.php(292): CFilterChain->run()
#18 C:\xampp\htdocs\yii\framework\web\CController.php(266): CController->runActionWithFilters(Object(CInlineAction), Array)
#19 C:\xampp\htdocs\yii\framework\web\CWebApplication.php(283): CController->run('admin')
#20 C:\xampp\htdocs\yii\framework\web\CWebApplication.php(142): CWebApplication->runController('programacionflo...')
#21 C:\xampp\htdocs\yii\framework\base\CApplication.php(162): CWebApplication->processRequest()
#22 C:\xampp\htdocs\Siicop\index.php(13): CApplication->run()
#23 {main}
REQUEST_URI=/Siicop/programacionflotas/Reportepedidosxpdvdetalle/admin/id/15/fechainicio/2015-03-01/fechafinal/2015-03-21/flota/FLOTA+1
HTTP_REFERER=http://localhost:85/Siicop/programacionflotas/Reportepedidosxpdv/index
---
2015/07/27 22:52:12 [error] [exception.CException] exception 'CException' with message 'Propiedad "Reportepedidosxpdvdetalle"."NumeroDeRegistro" no se encuentra definida.' in C:\xampp\htdocs\yii\framework\base\CComponent.php:131
Stack trace:
#0 C:\xampp\htdocs\yii\framework\db\ar\CActiveRecord.php(144): CComponent->__get('NumeroDeRegistr...')
#1 C:\xampp\htdocs\Siicop\protected\modules\programacionflotas\models\ReportePedidosxPdvDetalle.php(132): CActiveRecord->__get('NumeroDeRegistr...')
#2 C:\xampp\htdocs\Siicop\protected\modules\programacionflotas\views\ReportePedidosxPdvDetalle\admin.php(53): Reportepedidosxpdvdetalle->search()
#3 C:\xampp\htdocs\yii\framework\web\CBaseController.php(127): require('C:\\xampp\\htdocs...')
#4 C:\xampp\htdocs\yii\framework\web\CBaseController.php(96): CBaseController->renderInternal('C:\\xampp\\htdocs...', Array, true)
#5 C:\xampp\htdocs\yii\framework\web\CController.php(870): CBaseController->renderFile('C:\\xampp\\htdocs...', Array, true)
#6 C:\xampp\htdocs\yii\framework\web\CController.php(783): CController->renderPartial('admin', Array, true)
#7 C:\xampp\htdocs\Siicop\protected\modules\programacionflotas\controllers\ReportePedidosxPdvDetalleController.php(235): CController->render('admin', Array)
#8 [internal function]: ReportepedidosxpdvdetalleController->actionAdmin('15')
#9 C:\xampp\htdocs\yii\framework\web\actions\CAction.php(107): ReflectionMethod->invokeArgs(Object(ReportepedidosxpdvdetalleController), Array)
#10 C:\xampp\htdocs\yii\framework\web\actions\CInlineAction.php(48): CAction->runWithParamsInternal(Object(ReportepedidosxpdvdetalleController), Object(ReflectionMethod), Array)
#11 C:\xampp\htdocs\yii\framework\web\CController.php(309): CInlineAction->runWithParams(Array)
#12 C:\xampp\htdocs\yii\framework\web\filters\CFilterChain.php(134): CController->runAction(Object(CInlineAction))
#13 C:\xampp\htdocs\yii\framework\web\filters\CFilter.php(41): CFilterChain->run()
#14 C:\xampp\htdocs\yii\framework\web\CController.php(1146): CFilter->filter(Object(CFilterChain))
#15 C:\xampp\htdocs\yii\framework\web\filters\CInlineFilter.php(59): CController->filterAccessControl(Object(CFilterChain))
#16 C:\xampp\htdocs\yii\framework\web\filters\CFilterChain.php(131): CInlineFilter->filter(Object(CFilterChain))
#17 C:\xampp\htdocs\yii\framework\web\CController.php(292): CFilterChain->run()
#18 C:\xampp\htdocs\yii\framework\web\CController.php(266): CController->runActionWithFilters(Object(CInlineAction), Array)
#19 C:\xampp\htdocs\yii\framework\web\CWebApplication.php(283): CController->run('admin')
#20 C:\xampp\htdocs\yii\framework\web\CWebApplication.php(142): CWebApplication->runController('programacionflo...')
#21 C:\xampp\htdocs\yii\framework\base\CApplication.php(162): CWebApplication->processRequest()
#22 C:\xampp\htdocs\Siicop\index.php(13): CApplication->run()
#23 {main}
REQUEST_URI=/Siicop/programacionflotas/Reportepedidosxpdvdetalle/admin/id/15/fechainicio/2015-03-01/fechafinal/2015-03-21/flota/FLOTA+1
HTTP_REFERER=http://localhost:85/Siicop/programacionflotas/Reportepedidosxpdv/index
---
2015/07/27 22:55:27 [error] [exception.CException] exception 'CException' with message 'Propiedad "Reportepedidosxpdvdetalle"."NumeroDeRegistro" no se encuentra definida.' in C:\xampp\htdocs\yii\framework\base\CComponent.php:131
Stack trace:
#0 C:\xampp\htdocs\yii\framework\db\ar\CActiveRecord.php(144): CComponent->__get('NumeroDeRegistr...')
#1 C:\xampp\htdocs\yii\framework\web\helpers\CHtml.php(2158): CActiveRecord->__get('NumeroDeRegistr...')
#2 C:\xampp\htdocs\yii\framework\web\helpers\CHtml.php(1887): CHtml::resolveValue(Object(Reportepedidosxpdvdetalle), 'NumeroDeRegistr...')
#3 C:\xampp\htdocs\yii\framework\web\helpers\CHtml.php(1217): CHtml::activeInputField('text', Object(Reportepedidosxpdvdetalle), 'NumeroDeRegistr...', Array)
#4 C:\xampp\htdocs\Siicop\protected\extensions\bootstrap\widgets\TbDataColumn.php(89): CHtml::activeTextField(Object(Reportepedidosxpdvdetalle), 'NumeroDeRegistr...', Array)
#5 C:\xampp\htdocs\Siicop\protected\extensions\bootstrap\widgets\TbDataColumn.php(62): TbDataColumn->renderFilterCellContent()
#6 C:\xampp\htdocs\yii\framework\zii\widgets\grid\CGridView.php(477): TbDataColumn->renderFilterCell()
#7 C:\xampp\htdocs\yii\framework\zii\widgets\grid\CGridView.php(455): CGridView->renderFilter()
#8 C:\xampp\htdocs\yii\framework\zii\widgets\grid\CGridView.php(425): CGridView->renderTableHeader()
#9 C:\xampp\htdocs\yii\framework\zii\widgets\CBaseListView.php(161): CGridView->renderItems()
#10 [internal function]: CBaseListView->renderSection(Array)
#11 C:\xampp\htdocs\yii\framework\zii\widgets\CBaseListView.php(144): preg_replace_callback('/{(\\w+)}/', Array, '{summary}{pager...')
#12 C:\xampp\htdocs\yii\framework\zii\widgets\CBaseListView.php(129): CBaseListView->renderContent()
#13 C:\xampp\htdocs\yii\framework\web\CBaseController.php(174): CBaseListView->run()
#14 C:\xampp\htdocs\Siicop\protected\modules\programacionflotas\views\ReportePedidosxPdvDetalle\admin.php(85): CBaseController->widget('bootstrap.widge...', Array)
#15 C:\xampp\htdocs\yii\framework\web\CBaseController.php(127): require('C:\\xampp\\htdocs...')
#16 C:\xampp\htdocs\yii\framework\web\CBaseController.php(96): CBaseController->renderInternal('C:\\xampp\\htdocs...', Array, true)
#17 C:\xampp\htdocs\yii\framework\web\CController.php(870): CBaseController->renderFile('C:\\xampp\\htdocs...', Array, true)
#18 C:\xampp\htdocs\yii\framework\web\CController.php(783): CController->renderPartial('admin', Array, true)
#19 C:\xampp\htdocs\Siicop\protected\modules\programacionflotas\controllers\ReportePedidosxPdvDetalleController.php(235): CController->render('admin', Array)
#20 [internal function]: ReportepedidosxpdvdetalleController->actionAdmin('15')
#21 C:\xampp\htdocs\yii\framework\web\actions\CAction.php(107): ReflectionMethod->invokeArgs(Object(ReportepedidosxpdvdetalleController), Array)
#22 C:\xampp\htdocs\yii\framework\web\actions\CInlineAction.php(48): CAction->runWithParamsInternal(Object(ReportepedidosxpdvdetalleController), Object(ReflectionMethod), Array)
#23 C:\xampp\htdocs\yii\framework\web\CController.php(309): CInlineAction->runWithParams(Array)
#24 C:\xampp\htdocs\yii\framework\web\filters\CFilterChain.php(134): CController->runAction(Object(CInlineAction))
#25 C:\xampp\htdocs\yii\framework\web\filters\CFilter.php(41): CFilterChain->run()
#26 C:\xampp\htdocs\yii\framework\web\CController.php(1146): CFilter->filter(Object(CFilterChain))
#27 C:\xampp\htdocs\yii\framework\web\filters\CInlineFilter.php(59): CController->filterAccessControl(Object(CFilterChain))
#28 C:\xampp\htdocs\yii\framework\web\filters\CFilterChain.php(131): CInlineFilter->filter(Object(CFilterChain))
#29 C:\xampp\htdocs\yii\framework\web\CController.php(292): CFilterChain->run()
#30 C:\xampp\htdocs\yii\framework\web\CController.php(266): CController->runActionWithFilters(Object(CInlineAction), Array)
#31 C:\xampp\htdocs\yii\framework\web\CWebApplication.php(283): CController->run('admin')
#32 C:\xampp\htdocs\yii\framework\web\CWebApplication.php(142): CWebApplication->runController('programacionflo...')
#33 C:\xampp\htdocs\yii\framework\base\CApplication.php(162): CWebApplication->processRequest()
#34 C:\xampp\htdocs\Siicop\index.php(13): CApplication->run()
#35 {main}
REQUEST_URI=/Siicop/programacionflotas/Reportepedidosxpdvdetalle/admin/id/15/fechainicio/2015-03-01/fechafinal/2015-03-21/flota/FLOTA+1
HTTP_REFERER=http://localhost:85/Siicop/programacionflotas/Reportepedidosxpdv/index
---
2015/07/27 22:55:42 [error] [exception.CException] exception 'CException' with message 'Propiedad "Reportepedidosxpdvdetalle"."NumeroDeRegistro" no se encuentra definida.' in C:\xampp\htdocs\yii\framework\base\CComponent.php:131
Stack trace:
#0 C:\xampp\htdocs\yii\framework\db\ar\CActiveRecord.php(144): CComponent->__get('NumeroDeRegistr...')
#1 C:\xampp\htdocs\yii\framework\web\helpers\CHtml.php(2158): CActiveRecord->__get('NumeroDeRegistr...')
#2 C:\xampp\htdocs\yii\framework\web\helpers\CHtml.php(1887): CHtml::resolveValue(Object(Reportepedidosxpdvdetalle), 'NumeroDeRegistr...')
#3 C:\xampp\htdocs\yii\framework\web\helpers\CHtml.php(1217): CHtml::activeInputField('text', Object(Reportepedidosxpdvdetalle), 'NumeroDeRegistr...', Array)
#4 C:\xampp\htdocs\Siicop\protected\extensions\bootstrap\widgets\TbDataColumn.php(89): CHtml::activeTextField(Object(Reportepedidosxpdvdetalle), 'NumeroDeRegistr...', Array)
#5 C:\xampp\htdocs\Siicop\protected\extensions\bootstrap\widgets\TbDataColumn.php(62): TbDataColumn->renderFilterCellContent()
#6 C:\xampp\htdocs\yii\framework\zii\widgets\grid\CGridView.php(477): TbDataColumn->renderFilterCell()
#7 C:\xampp\htdocs\yii\framework\zii\widgets\grid\CGridView.php(455): CGridView->renderFilter()
#8 C:\xampp\htdocs\yii\framework\zii\widgets\grid\CGridView.php(425): CGridView->renderTableHeader()
#9 C:\xampp\htdocs\yii\framework\zii\widgets\CBaseListView.php(161): CGridView->renderItems()
#10 [internal function]: CBaseListView->renderSection(Array)
#11 C:\xampp\htdocs\yii\framework\zii\widgets\CBaseListView.php(144): preg_replace_callback('/{(\\w+)}/', Array, '{summary}{pager...')
#12 C:\xampp\htdocs\yii\framework\zii\widgets\CBaseListView.php(129): CBaseListView->renderContent()
#13 C:\xampp\htdocs\yii\framework\web\CBaseController.php(174): CBaseListView->run()
#14 C:\xampp\htdocs\Siicop\protected\modules\programacionflotas\views\ReportePedidosxPdvDetalle\admin.php(85): CBaseController->widget('bootstrap.widge...', Array)
#15 C:\xampp\htdocs\yii\framework\web\CBaseController.php(127): require('C:\\xampp\\htdocs...')
#16 C:\xampp\htdocs\yii\framework\web\CBaseController.php(96): CBaseController->renderInternal('C:\\xampp\\htdocs...', Array, true)
#17 C:\xampp\htdocs\yii\framework\web\CController.php(870): CBaseController->renderFile('C:\\xampp\\htdocs...', Array, true)
#18 C:\xampp\htdocs\yii\framework\web\CController.php(783): CController->renderPartial('admin', Array, true)
#19 C:\xampp\htdocs\Siicop\protected\modules\programacionflotas\controllers\ReportePedidosxPdvDetalleController.php(235): CController->render('admin', Array)
#20 [internal function]: ReportepedidosxpdvdetalleController->actionAdmin('13')
#21 C:\xampp\htdocs\yii\framework\web\actions\CAction.php(107): ReflectionMethod->invokeArgs(Object(ReportepedidosxpdvdetalleController), Array)
#22 C:\xampp\htdocs\yii\framework\web\actions\CInlineAction.php(48): CAction->runWithParamsInternal(Object(ReportepedidosxpdvdetalleController), Object(ReflectionMethod), Array)
#23 C:\xampp\htdocs\yii\framework\web\CController.php(309): CInlineAction->runWithParams(Array)
#24 C:\xampp\htdocs\yii\framework\web\filters\CFilterChain.php(134): CController->runAction(Object(CInlineAction))
#25 C:\xampp\htdocs\yii\framework\web\filters\CFilter.php(41): CFilterChain->run()
#26 C:\xampp\htdocs\yii\framework\web\CController.php(1146): CFilter->filter(Object(CFilterChain))
#27 C:\xampp\htdocs\yii\framework\web\filters\CInlineFilter.php(59): CController->filterAccessControl(Object(CFilterChain))
#28 C:\xampp\htdocs\yii\framework\web\filters\CFilterChain.php(131): CInlineFilter->filter(Object(CFilterChain))
#29 C:\xampp\htdocs\yii\framework\web\CController.php(292): CFilterChain->run()
#30 C:\xampp\htdocs\yii\framework\web\CController.php(266): CController->runActionWithFilters(Object(CInlineAction), Array)
#31 C:\xampp\htdocs\yii\framework\web\CWebApplication.php(283): CController->run('admin')
#32 C:\xampp\htdocs\yii\framework\web\CWebApplication.php(142): CWebApplication->runController('programacionflo...')
#33 C:\xampp\htdocs\yii\framework\base\CApplication.php(162): CWebApplication->processRequest()
#34 C:\xampp\htdocs\Siicop\index.php(13): CApplication->run()
#35 {main}
REQUEST_URI=/Siicop/programacionflotas/Reportepedidosxpdvdetalle/admin/id/13/fechainicio/2015-03-01/fechafinal/2015-03-21/flota/FLOTA+1
HTTP_REFERER=http://localhost:85/Siicop/programacionflotas/Reportepedidosxpdv/index
---
2015/07/27 22:55:56 [error] [exception.CException] exception 'CException' with message 'Propiedad "Reportepedidosxpdvdetalle"."NumeroDeRegistro" no se encuentra definida.' in C:\xampp\htdocs\yii\framework\base\CComponent.php:131
Stack trace:
#0 C:\xampp\htdocs\yii\framework\db\ar\CActiveRecord.php(144): CComponent->__get('NumeroDeRegistr...')
#1 C:\xampp\htdocs\yii\framework\web\helpers\CHtml.php(2158): CActiveRecord->__get('NumeroDeRegistr...')
#2 C:\xampp\htdocs\yii\framework\web\helpers\CHtml.php(1887): CHtml::resolveValue(Object(Reportepedidosxpdvdetalle), 'NumeroDeRegistr...')
#3 C:\xampp\htdocs\yii\framework\web\helpers\CHtml.php(1217): CHtml::activeInputField('text', Object(Reportepedidosxpdvdetalle), 'NumeroDeRegistr...', Array)
#4 C:\xampp\htdocs\Siicop\protected\extensions\bootstrap\widgets\TbDataColumn.php(89): CHtml::activeTextField(Object(Reportepedidosxpdvdetalle), 'NumeroDeRegistr...', Array)
#5 C:\xampp\htdocs\Siicop\protected\extensions\bootstrap\widgets\TbDataColumn.php(62): TbDataColumn->renderFilterCellContent()
#6 C:\xampp\htdocs\yii\framework\zii\widgets\grid\CGridView.php(477): TbDataColumn->renderFilterCell()
#7 C:\xampp\htdocs\yii\framework\zii\widgets\grid\CGridView.php(455): CGridView->renderFilter()
#8 C:\xampp\htdocs\yii\framework\zii\widgets\grid\CGridView.php(425): CGridView->renderTableHeader()
#9 C:\xampp\htdocs\yii\framework\zii\widgets\CBaseListView.php(161): CGridView->renderItems()
#10 [internal function]: CBaseListView->renderSection(Array)
#11 C:\xampp\htdocs\yii\framework\zii\widgets\CBaseListView.php(144): preg_replace_callback('/{(\\w+)}/', Array, '{summary}{pager...')
#12 C:\xampp\htdocs\yii\framework\zii\widgets\CBaseListView.php(129): CBaseListView->renderContent()
#13 C:\xampp\htdocs\yii\framework\web\CBaseController.php(174): CBaseListView->run()
#14 C:\xampp\htdocs\Siicop\protected\modules\programacionflotas\views\ReportePedidosxPdvDetalle\admin.php(85): CBaseController->widget('bootstrap.widge...', Array)
#15 C:\xampp\htdocs\yii\framework\web\CBaseController.php(127): require('C:\\xampp\\htdocs...')
#16 C:\xampp\htdocs\yii\framework\web\CBaseController.php(96): CBaseController->renderInternal('C:\\xampp\\htdocs...', Array, true)
#17 C:\xampp\htdocs\yii\framework\web\CController.php(870): CBaseController->renderFile('C:\\xampp\\htdocs...', Array, true)
#18 C:\xampp\htdocs\yii\framework\web\CController.php(783): CController->renderPartial('admin', Array, true)
#19 C:\xampp\htdocs\Siicop\protected\modules\programacionflotas\controllers\ReportePedidosxPdvDetalleController.php(235): CController->render('admin', Array)
#20 [internal function]: ReportepedidosxpdvdetalleController->actionAdmin('15')
#21 C:\xampp\htdocs\yii\framework\web\actions\CAction.php(107): ReflectionMethod->invokeArgs(Object(ReportepedidosxpdvdetalleController), Array)
#22 C:\xampp\htdocs\yii\framework\web\actions\CInlineAction.php(48): CAction->runWithParamsInternal(Object(ReportepedidosxpdvdetalleController), Object(ReflectionMethod), Array)
#23 C:\xampp\htdocs\yii\framework\web\CController.php(309): CInlineAction->runWithParams(Array)
#24 C:\xampp\htdocs\yii\framework\web\filters\CFilterChain.php(134): CController->runAction(Object(CInlineAction))
#25 C:\xampp\htdocs\yii\framework\web\filters\CFilter.php(41): CFilterChain->run()
#26 C:\xampp\htdocs\yii\framework\web\CController.php(1146): CFilter->filter(Object(CFilterChain))
#27 C:\xampp\htdocs\yii\framework\web\filters\CInlineFilter.php(59): CController->filterAccessControl(Object(CFilterChain))
#28 C:\xampp\htdocs\yii\framework\web\filters\CFilterChain.php(131): CInlineFilter->filter(Object(CFilterChain))
#29 C:\xampp\htdocs\yii\framework\web\CController.php(292): CFilterChain->run()
#30 C:\xampp\htdocs\yii\framework\web\CController.php(266): CController->runActionWithFilters(Object(CInlineAction), Array)
#31 C:\xampp\htdocs\yii\framework\web\CWebApplication.php(283): CController->run('admin')
#32 C:\xampp\htdocs\yii\framework\web\CWebApplication.php(142): CWebApplication->runController('programacionflo...')
#33 C:\xampp\htdocs\yii\framework\base\CApplication.php(162): CWebApplication->processRequest()
#34 C:\xampp\htdocs\Siicop\index.php(13): CApplication->run()
#35 {main}
REQUEST_URI=/Siicop/programacionflotas/Reportepedidosxpdvdetalle/admin/id/15/fechainicio/2015-03-01/fechafinal/2015-03-21/flota/FLOTA+1
HTTP_REFERER=http://localhost:85/Siicop/programacionflotas/Reportepedidosxpdv/index
---
2015/07/27 22:58:18 [error] [exception.CException] exception 'CException' with message 'Propiedad "TbDataColumn"."0" no se encuentra definida.' in C:\xampp\htdocs\yii\framework\base\CComponent.php:174
Stack trace:
#0 C:\xampp\htdocs\yii\framework\YiiBase.php(222): CComponent->__set('0', 'CodigoPdv')
#1 C:\xampp\htdocs\yii\framework\zii\widgets\grid\CGridView.php(336): YiiBase::createComponent(Array, Object(TbGridView))
#2 C:\xampp\htdocs\Siicop\protected\extensions\bootstrap\widgets\TbGridView.php(103): CGridView->initColumns()
#3 C:\xampp\htdocs\yii\framework\zii\widgets\grid\CGridView.php(307): TbGridView->initColumns()
#4 C:\xampp\htdocs\Siicop\protected\extensions\bootstrap\widgets\TbGridView.php(48): CGridView->init()
#5 C:\xampp\htdocs\yii\framework\web\CBaseController.php(148): TbGridView->init()
#6 C:\xampp\htdocs\yii\framework\web\CBaseController.php(173): CBaseController->createWidget('bootstrap.widge...', Array)
#7 C:\xampp\htdocs\Siicop\protected\modules\programacionflotas\views\ReportePedidosxPdvDetalle\admin.php(74): CBaseController->widget('bootstrap.widge...', Array)
#8 C:\xampp\htdocs\yii\framework\web\CBaseController.php(127): require('C:\\xampp\\htdocs...')
#9 C:\xampp\htdocs\yii\framework\web\CBaseController.php(96): CBaseController->renderInternal('C:\\xampp\\htdocs...', Array, true)
#10 C:\xampp\htdocs\yii\framework\web\CController.php(870): CBaseController->renderFile('C:\\xampp\\htdocs...', Array, true)
#11 C:\xampp\htdocs\yii\framework\web\CController.php(783): CController->renderPartial('admin', Array, true)
#12 C:\xampp\htdocs\Siicop\protected\modules\programacionflotas\controllers\ReportePedidosxPdvDetalleController.php(235): CController->render('admin', Array)
#13 [internal function]: ReportepedidosxpdvdetalleController->actionAdmin('15')
#14 C:\xampp\htdocs\yii\framework\web\actions\CAction.php(107): ReflectionMethod->invokeArgs(Object(ReportepedidosxpdvdetalleController), Array)
#15 C:\xampp\htdocs\yii\framework\web\actions\CInlineAction.php(48): CAction->runWithParamsInternal(Object(ReportepedidosxpdvdetalleController), Object(ReflectionMethod), Array)
#16 C:\xampp\htdocs\yii\framework\web\CController.php(309): CInlineAction->runWithParams(Array)
#17 C:\xampp\htdocs\yii\framework\web\filters\CFilterChain.php(134): CController->runAction(Object(CInlineAction))
#18 C:\xampp\htdocs\yii\framework\web\filters\CFilter.php(41): CFilterChain->run()
#19 C:\xampp\htdocs\yii\framework\web\CController.php(1146): CFilter->filter(Object(CFilterChain))
#20 C:\xampp\htdocs\yii\framework\web\filters\CInlineFilter.php(59): CController->filterAccessControl(Object(CFilterChain))
#21 C:\xampp\htdocs\yii\framework\web\filters\CFilterChain.php(131): CInlineFilter->filter(Object(CFilterChain))
#22 C:\xampp\htdocs\yii\framework\web\CController.php(292): CFilterChain->run()
#23 C:\xampp\htdocs\yii\framework\web\CController.php(266): CController->runActionWithFilters(Object(CInlineAction), Array)
#24 C:\xampp\htdocs\yii\framework\web\CWebApplication.php(283): CController->run('admin')
#25 C:\xampp\htdocs\yii\framework\web\CWebApplication.php(142): CWebApplication->runController('programacionflo...')
#26 C:\xampp\htdocs\yii\framework\base\CApplication.php(162): CWebApplication->processRequest()
#27 C:\xampp\htdocs\Siicop\index.php(13): CApplication->run()
#28 {main}
REQUEST_URI=/Siicop/programacionflotas/Reportepedidosxpdvdetalle/admin/id/15/fechainicio/2015-03-01/fechafinal/2015-03-21/flota/FLOTA+1
HTTP_REFERER=http://localhost:85/Siicop/programacionflotas/Reportepedidosxpdv/index
---
